0 info it worked if it ends with ok
1 verbose cli [ '/usr/bin/node', '/usr/bin/npm', 'publish' ]
2 info using npm@3.5.2
3 info using node@v8.10.0
4 verbose publish [ '.' ]
5 silly cache add args [ '.', null ]
6 verbose cache add spec .
7 silly cache add parsed spec Result {
7 silly cache add   raw: '.',
7 silly cache add   scope: null,
7 silly cache add   name: null,
7 silly cache add   rawSpec: '.',
7 silly cache add   spec: '/home/pramod/Documents/nodejs-mongodb-angularjs-web-development-master/ch03/censorify',
7 silly cache add   type: 'directory' }
8 verbose addLocalDirectory /home/pramod/.npm/censorify/0.1.1/package.tgz not in flight; packing
9 info lifecycle censorify@0.1.1~prepublish: censorify@0.1.1
10 silly lifecycle censorify@0.1.1~prepublish: no script for prepublish, continuing
11 verbose tar pack [ '/home/pramod/.npm/censorify/0.1.1/package.tgz',
11 verbose tar pack   '/home/pramod/Documents/nodejs-mongodb-angularjs-web-development-master/ch03/censorify' ]
12 verbose tarball /home/pramod/.npm/censorify/0.1.1/package.tgz
13 verbose folder /home/pramod/Documents/nodejs-mongodb-angularjs-web-development-master/ch03/censorify
14 verbose addLocalTarball adding from inside cache /home/pramod/.npm/censorify/0.1.1/package.tgz
15 silly cache afterAdd censorify@0.1.1
16 verbose afterAdd /home/pramod/.npm/censorify/0.1.1/package/package.json not in flight; writing
17 verbose afterAdd /home/pramod/.npm/censorify/0.1.1/package/package.json written
18 silly publish { author: { name: 'Brad Dayley' },
18 silly publish   name: 'censorify',
18 silly publish   version: '0.1.1',
18 silly publish   description: 'Censors words out of text',
18 silly publish   main: 'censortext',
18 silly publish   dependencies: {},
18 silly publish   engines: { node: '*' },
18 silly publish   readme: 'ERROR: No README data found!',
18 silly publish   readmeFilename: 'README.md',
18 silly publish   _id: 'censorify@0.1.1',
18 silly publish   scripts: {},
18 silly publish   _shasum: '9744285b605ced93b38b072280e94423e954a06f',
18 silly publish   _from: '.' }
19 verbose getPublishConfig undefined
20 silly mapToRegistry name censorify
21 silly mapToRegistry using default registry
22 silly mapToRegistry registry https://registry.npmjs.org/
23 silly mapToRegistry uri https://registry.npmjs.org/censorify
24 verbose publish registryBase https://registry.npmjs.org/
25 silly publish uploading /home/pramod/.npm/censorify/0.1.1/package.tgz
26 verbose stack Error: auth required for publishing
26 verbose stack     at CachingRegistryClient.publish (/usr/share/npm/node_modules/npm-registry-client/lib/publish.js:30:14)
26 verbose stack     at /usr/share/npm/lib/publish.js:137:14
26 verbose stack     at mapToRegistry (/usr/share/npm/lib/utils/map-to-registry.js:55:3)
26 verbose stack     at publish_ (/usr/share/npm/lib/publish.js:106:3)
26 verbose stack     at Array.<anonymous> (/usr/share/npm/node_modules/slide/lib/bind-actor.js:15:8)
26 verbose stack     at LOOP (/usr/share/npm/node_modules/slide/lib/chain.js:15:14)
26 verbose stack     at LOOP (/usr/share/npm/node_modules/slide/lib/chain.js:14:28)
26 verbose stack     at chain (/usr/share/npm/node_modules/slide/lib/chain.js:20:5)
26 verbose stack     at /usr/share/npm/lib/publish.js:72:5
26 verbose stack     at RES (/usr/share/npm/node_modules/inflight/inflight.js:23:14)
27 verbose cwd /home/pramod/Documents/nodejs-mongodb-angularjs-web-development-master/ch03/censorify
28 error Linux 5.3.0-46-generic
29 error argv "/usr/bin/node" "/usr/bin/npm" "publish"
30 error node v8.10.0
31 error npm  v3.5.2
32 error code ENEEDAUTH
33 error need auth auth required for publishing
34 error need auth You need to authorize this machine using `npm adduser`
35 verbose exit [ 1, true ]
